2026-03-19 22:53:05,459 [INFO] Log file: E:\TTTH\attentionV2\min-timespan-delivery-v2\logs\pipeline_Lan1_20260319_225305.log

2026-03-19 22:53:05,459 [INFO] CHE DO: Full pipeline
2026-03-19 22:53:05,459 [INFO]   Workflow      : run-batch
2026-03-19 22:53:05,459 [INFO]   Data dir     : E:\TTTH\train_data\Lan1
2026-03-19 22:53:05,459 [INFO]   Baseline dir : E:\TTTH\train_data\Baseline\Lan1
2026-03-19 22:53:05,459 [WARNING]   Khong co file .txt nao trong problems/data!
2026-03-19 22:53:05,459 [INFO]   Files/batch  : 1000

2026-03-19 22:53:05,459 [INFO] Kiem tra prerequisites...
2026-03-19 22:53:05,459 [DEBUG] $ git --version
2026-03-19 22:53:05,492 [DEBUG] git version 2.49.0.windows.1
2026-03-19 22:53:05,492 [DEBUG] $ gh --version
2026-03-19 22:53:05,545 [DEBUG] gh version 2.88.1 (2026-03-12)
https://github.com/cli/cli/releases/tag/v2.88.1
2026-03-19 22:53:05,549 [DEBUG] $ gh auth status
2026-03-19 22:53:06,560 [DEBUG] github.com
  ✓ Logged in to github.com account PakerB (keyring)
  - Active account: true
  - Git operations protocol: https
  - Token: gho_************************************
  - Token scopes: 'gist', 'read:org', 'repo', 'workflow'
2026-03-19 22:53:06,560 [INFO]   -> git va gh da san sang

2026-03-19 22:53:06,560 [INFO] ============================================================
2026-03-19 22:53:06,560 [INFO] STEP 1: Sinh instance
2026-03-19 22:53:06,560 [INFO] ============================================================
2026-03-19 22:53:06,560 [INFO]   Generation #1
2026-03-19 22:53:06,560 [INFO]   Start number: 0
2026-03-19 22:53:06,560 [INFO]   Total instances generated so far: 0

2026-03-19 22:53:06,560 [DEBUG] $ C:\msys64\ucrt64\bin\python3.12.exe E:\TTTH\attentionV2\min-timespan-delivery-v2\problems\generate_instance.py --start-number 0 --batch-size 4000
